<?xml version="1.0" encoding="UTF-8"?>
<testng-results skipped="0" failed="0" ignored="0" total="1" passed="1">
  <reporter-output>
  </reporter-output>
  <suite name="All Test Suite" duration-ms="65" started-at="2020-04-17T06:37:49Z" finished-at="2020-04-17T06:37:49Z">
    <groups>
    </groups>
    <test name="E:/first-test/target" duration-ms="65" started-at="2020-04-17T06:37:49Z" finished-at="2020-04-17T06:37:49Z">
      <class name="Mytest.Mytest_one_white">
        <test-method status="PASS" signature="test_in_china()[pri:0, instance:Mytest.Mytest_one_white@1ef7fe8e]" name="test_in_china" duration-ms="19" started-at="2020-04-17T14:37:49Z" finished-at="2020-04-17T14:37:49Z">
          <reporter-output>
          </reporter-output>
        </test-method> <!-- test_in_china -->
      </class> <!-- Mytest.Mytest_one_white -->
    </test> <!-- E:/first-test/target -->
  </suite> <!-- All Test Suite -->
</testng-results>
